_XSERVTransmkdir: ERROR: euid != 0,directory /tmp/.X11-unix will not be created.
Defaulting to user installation because normal site-packages is not writeable
Requirement already satisfied: absl-py==0.12.0 in /home/mverma/.local/lib/python3.8/site-packages (from -r /home/mverma/rl_cooperation/Pygame_RL_cooperation/Algorithm/requirements.txt (line 1)) (0.12.0)
Requirement already satisfied: argon2-cffi==20.1.0 in /home/mverma/.local/lib/python3.8/site-packages (from -r /home/mverma/rl_cooperation/Pygame_RL_cooperation/Algorithm/requirements.txt (line 2)) (20.1.0)
Requirement already satisfied: astunparse==1.6.3 in /home/mverma/.local/lib/python3.8/site-packages (from -r /home/mverma/rl_cooperation/Pygame_RL_cooperation/Algorithm/requirements.txt (line 3)) (1.6.3)
Requirement already satisfied: async-generator==1.10 in /home/mverma/.local/lib/python3.8/site-packages (from -r /home/mverma/rl_cooperation/Pygame_RL_cooperation/Algorithm/requirements.txt (line 4)) (1.10)
Requirement already satisfied: atari-py==0.2.9 in /home/mverma/.local/lib/python3.8/site-packages (from -r /home/mverma/rl_cooperation/Pygame_RL_cooperation/Algorithm/requirements.txt (line 5)) (0.2.9)
Requirement already satisfied: attrs==21.2.0 in /home/mverma/.local/lib/python3.8/site-packages (from -r /home/mverma/rl_cooperation/Pygame_RL_cooperation/Algorithm/requirements.txt (line 6)) (21.2.0)
Requirement already satisfied: backcall==0.2.0 in /home/mverma/.local/lib/python3.8/site-packages (from -r /home/mverma/rl_cooperation/Pygame_RL_cooperation/Algorithm/requirements.txt (line 7)) (0.2.0)
Requirement already satisfied: bleach==3.3.0 in /home/mverma/.local/lib/python3.8/site-packages (from -r /home/mverma/rl_cooperation/Pygame_RL_cooperation/Algorithm/requirements.txt (line 8)) (3.3.0)
Requirement already satisfied: cachetools==4.2.2 in /home/mverma/.local/lib/python3.8/site-packages (from -r /home/mverma/rl_cooperation/Pygame_RL_cooperation/Algorithm/requirements.txt (line 9)) (4.2.2)
Requirement already satisfied: certifi==2020.12.5 in /home/mverma/.local/lib/python3.8/site-packages (from -r /home/mverma/rl_cooperation/Pygame_RL_cooperation/Algorithm/requirements.txt (line 10)) (2020.12.5)
Requirement already satisfied: cffi==1.14.5 in /home/mverma/.local/lib/python3.8/site-packages (from -r /home/mverma/rl_cooperation/Pygame_RL_cooperation/Algorithm/requirements.txt (line 11)) (1.14.5)
Requirement already satisfied: chardet==4.0.0 in /home/mverma/.local/lib/python3.8/site-packages (from -r /home/mverma/rl_cooperation/Pygame_RL_cooperation/Algorithm/requirements.txt (line 12)) (4.0.0)
Collecting click==8.0.1
  Downloading click-8.0.1-py3-none-any.whl (97 kB)
Requirement already satisfied: cloudpickle==1.6.0 in /home/mverma/.local/lib/python3.8/site-packages (from -r /home/mverma/rl_cooperation/Pygame_RL_cooperation/Algorithm/requirements.txt (line 14)) (1.6.0)
Requirement already satisfied: colorama==0.4.4 in /home/mverma/.local/lib/python3.8/site-packages (from -r /home/mverma/rl_cooperation/Pygame_RL_cooperation/Algorithm/requirements.txt (line 15)) (0.4.4)
Collecting configparser==5.0.2
  Downloading configparser-5.0.2-py3-none-any.whl (19 kB)
Requirement already satisfied: cycler==0.10.0 in /home/mverma/.local/lib/python3.8/site-packages (from -r /home/mverma/rl_cooperation/Pygame_RL_cooperation/Algorithm/requirements.txt (line 17)) (0.10.0)
Collecting decorator==4.4.2
  Downloading decorator-4.4.2-py2.py3-none-any.whl (9.2 kB)
Requirement already satisfied: defusedxml==0.7.1 in /home/mverma/.local/lib/python3.8/site-packages (from -r /home/mverma/rl_cooperation/Pygame_RL_cooperation/Algorithm/requirements.txt (line 19)) (0.7.1)
Collecting docker-pycreds==0.4.0
  Downloading docker_pycreds-0.4.0-py2.py3-none-any.whl (9.0 kB)
Requirement already satisfied: entrypoints==0.3 in /home/mverma/.local/lib/python3.8/site-packages (from -r /home/mverma/rl_cooperation/Pygame_RL_cooperation/Algorithm/requirements.txt (line 21)) (0.3)
Requirement already satisfied: flatbuffers==1.12 in /home/mverma/.local/lib/python3.8/site-packages (from -r /home/mverma/rl_cooperation/Pygame_RL_cooperation/Algorithm/requirements.txt (line 22)) (1.12)
Requirement already satisfied: gast==0.4.0 in /home/mverma/.local/lib/python3.8/site-packages (from -r /home/mverma/rl_cooperation/Pygame_RL_cooperation/Algorithm/requirements.txt (line 23)) (0.4.0)
Collecting gitdb==4.0.7
  Downloading gitdb-4.0.7-py3-none-any.whl (63 kB)
Collecting GitPython==3.1.18
  Downloading GitPython-3.1.18-py3-none-any.whl (170 kB)
Requirement already satisfied: google-auth==1.30.0 in /home/mverma/.local/lib/python3.8/site-packages (from -r /home/mverma/rl_cooperation/Pygame_RL_cooperation/Algorithm/requirements.txt (line 26)) (1.30.0)
Requirement already satisfied: google-auth-oauthlib==0.4.4 in /home/mverma/.local/lib/python3.8/site-packages (from -r /home/mverma/rl_cooperation/Pygame_RL_cooperation/Algorithm/requirements.txt (line 27)) (0.4.4)
Requirement already satisfied: google-pasta==0.2.0 in /home/mverma/.local/lib/python3.8/site-packages (from -r /home/mverma/rl_cooperation/Pygame_RL_cooperation/Algorithm/requirements.txt (line 28)) (0.2.0)
Requirement already satisfied: grpcio==1.34.1 in /home/mverma/.local/lib/python3.8/site-packages (from -r /home/mverma/rl_cooperation/Pygame_RL_cooperation/Algorithm/requirements.txt (line 29)) (1.34.1)
Requirement already satisfied: gym==0.18.3 in /home/mverma/.local/lib/python3.8/site-packages (from -r /home/mverma/rl_cooperation/Pygame_RL_cooperation/Algorithm/requirements.txt (line 30)) (0.18.3)
Requirement already satisfied: h5py==3.1.0 in /home/mverma/.local/lib/python3.8/site-packages (from -r /home/mverma/rl_cooperation/Pygame_RL_cooperation/Algorithm/requirements.txt (line 31)) (3.1.0)
Requirement already satisfied: idna==2.10 in /home/mverma/.local/lib/python3.8/site-packages (from -r /home/mverma/rl_cooperation/Pygame_RL_cooperation/Algorithm/requirements.txt (line 32)) (2.10)
Collecting imageio==2.9.0
  Downloading imageio-2.9.0-py3-none-any.whl (3.3 MB)
Collecting imageio-ffmpeg==0.4.5
  Downloading imageio_ffmpeg-0.4.5-py3-none-manylinux2010_x86_64.whl (26.9 MB)
Requirement already satisfied: ipykernel==5.5.5 in /home/mverma/.local/lib/python3.8/site-packages (from -r /home/mverma/rl_cooperation/Pygame_RL_cooperation/Algorithm/requirements.txt (line 35)) (5.5.5)
Requirement already satisfied: ipython==7.23.1 in /home/mverma/.local/lib/python3.8/site-packages (from -r /home/mverma/rl_cooperation/Pygame_RL_cooperation/Algorithm/requirements.txt (line 36)) (7.23.1)
Requirement already satisfied: ipython-genutils==0.2.0 in /home/mverma/.local/lib/python3.8/site-packages (from -r /home/mverma/rl_cooperation/Pygame_RL_cooperation/Algorithm/requirements.txt (line 37)) (0.2.0)
Requirement already satisfied: ipywidgets==7.6.3 in /home/mverma/.local/lib/python3.8/site-packages (from -r /home/mverma/rl_cooperation/Pygame_RL_cooperation/Algorithm/requirements.txt (line 38)) (7.6.3)
Requirement already satisfied: jedi==0.18.0 in /home/mverma/.local/lib/python3.8/site-packages (from -r /home/mverma/rl_cooperation/Pygame_RL_cooperation/Algorithm/requirements.txt (line 39)) (0.18.0)
Requirement already satisfied: Jinja2==3.0.1 in /home/mverma/.local/lib/python3.8/site-packages (from -r /home/mverma/rl_cooperation/Pygame_RL_cooperation/Algorithm/requirements.txt (line 40)) (3.0.1)
Requirement already satisfied: jsonschema==3.2.0 in /home/mverma/.local/lib/python3.8/site-packages (from -r /home/mverma/rl_cooperation/Pygame_RL_cooperation/Algorithm/requirements.txt (line 41)) (3.2.0)
Requirement already satisfied: jupyter==1.0.0 in /home/mverma/.local/lib/python3.8/site-packages (from -r /home/mverma/rl_cooperation/Pygame_RL_cooperation/Algorithm/requirements.txt (line 42)) (1.0.0)
Requirement already satisfied: jupyter-client==6.1.12 in /home/mverma/.local/lib/python3.8/site-packages (from -r /home/mverma/rl_cooperation/Pygame_RL_cooperation/Algorithm/requirements.txt (line 43)) (6.1.12)
Requirement already satisfied: jupyter-console==6.4.0 in /home/mverma/.local/lib/python3.8/site-packages (from -r /home/mverma/rl_cooperation/Pygame_RL_cooperation/Algorithm/requirements.txt (line 44)) (6.4.0)
Requirement already satisfied: jupyter-core==4.7.1 in /home/mverma/.local/lib/python3.8/site-packages (from -r /home/mverma/rl_cooperation/Pygame_RL_cooperation/Algorithm/requirements.txt (line 45)) (4.7.1)
Requirement already satisfied: jupyterlab-pygments==0.1.2 in /home/mverma/.local/lib/python3.8/site-packages (from -r /home/mverma/rl_cooperation/Pygame_RL_cooperation/Algorithm/requirements.txt (line 46)) (0.1.2)
Requirement already satisfied: jupyterlab-widgets==1.0.0 in /home/mverma/.local/lib/python3.8/site-packages (from -r /home/mverma/rl_cooperation/Pygame_RL_cooperation/Algorithm/requirements.txt (line 47)) (1.0.0)
Requirement already satisfied: keras-nightly==2.5.0.dev2021032900 in /home/mverma/.local/lib/python3.8/site-packages (from -r /home/mverma/rl_cooperation/Pygame_RL_cooperation/Algorithm/requirements.txt (line 48)) (2.5.0.dev2021032900)
Requirement already satisfied: Keras-Preprocessing==1.1.2 in /home/mverma/.local/lib/python3.8/site-packages (from -r /home/mverma/rl_cooperation/Pygame_RL_cooperation/Algorithm/requirements.txt (line 49)) (1.1.2)
Requirement already satisfied: kiwisolver==1.3.1 in /home/mverma/.local/lib/python3.8/site-packages (from -r /home/mverma/rl_cooperation/Pygame_RL_cooperation/Algorithm/requirements.txt (line 50)) (1.3.1)
Requirement already satisfied: Markdown==3.3.4 in /home/mverma/.local/lib/python3.8/site-packages (from -r /home/mverma/rl_cooperation/Pygame_RL_cooperation/Algorithm/requirements.txt (line 51)) (3.3.4)
Requirement already satisfied: MarkupSafe==2.0.1 in /home/mverma/.local/lib/python3.8/site-packages (from -r /home/mverma/rl_cooperation/Pygame_RL_cooperation/Algorithm/requirements.txt (line 52)) (2.0.1)
Requirement already satisfied: matplotlib==3.4.2 in /home/mverma/.local/lib/python3.8/site-packages (from -r /home/mverma/rl_cooperation/Pygame_RL_cooperation/Algorithm/requirements.txt (line 53)) (3.4.2)
Requirement already satisfied: matplotlib-inline==0.1.2 in /home/mverma/.local/lib/python3.8/site-packages (from -r /home/mverma/rl_cooperation/Pygame_RL_cooperation/Algorithm/requirements.txt (line 54)) (0.1.2)
Requirement already satisfied: mistune==0.8.4 in /home/mverma/.local/lib/python3.8/site-packages (from -r /home/mverma/rl_cooperation/Pygame_RL_cooperation/Algorithm/requirements.txt (line 55)) (0.8.4)
Collecting moviepy==1.0.3
  Downloading moviepy-1.0.3.tar.gz (388 kB)
Requirement already satisfied: nbclient==0.5.3 in /home/mverma/.local/lib/python3.8/site-packages (from -r /home/mverma/rl_cooperation/Pygame_RL_cooperation/Algorithm/requirements.txt (line 57)) (0.5.3)
Requirement already satisfied: nbconvert==6.0.7 in /home/mverma/.local/lib/python3.8/site-packages (from -r /home/mverma/rl_cooperation/Pygame_RL_cooperation/Algorithm/requirements.txt (line 58)) (6.0.7)
Requirement already satisfied: nbformat==5.1.3 in /home/mverma/.local/lib/python3.8/site-packages (from -r /home/mverma/rl_cooperation/Pygame_RL_cooperation/Algorithm/requirements.txt (line 59)) (5.1.3)
Requirement already satisfied: nest-asyncio==1.5.1 in /home/mverma/.local/lib/python3.8/site-packages (from -r /home/mverma/rl_cooperation/Pygame_RL_cooperation/Algorithm/requirements.txt (line 60)) (1.5.1)
Requirement already satisfied: notebook==6.4.0 in /home/mverma/.local/lib/python3.8/site-packages (from -r /home/mverma/rl_cooperation/Pygame_RL_cooperation/Algorithm/requirements.txt (line 61)) (6.4.0)
Collecting numpy==1.21.2
  Downloading numpy-1.21.2-cp38-cp38-manylinux_2_12_x86_64.manylinux2010_x86_64.whl (15.8 MB)
Requirement already satisfied: oauthlib==3.1.0 in /home/mverma/.local/lib/python3.8/site-packages (from -r /home/mverma/rl_cooperation/Pygame_RL_cooperation/Algorithm/requirements.txt (line 63)) (3.1.0)
Requirement already satisfied: opencv-python==4.5.2.52 in /home/mverma/.local/lib/python3.8/site-packages (from -r /home/mverma/rl_cooperation/Pygame_RL_cooperation/Algorithm/requirements.txt (line 64)) (4.5.2.52)
Requirement already satisfied: opt-einsum==3.3.0 in /home/mverma/.local/lib/python3.8/site-packages (from -r /home/mverma/rl_cooperation/Pygame_RL_cooperation/Algorithm/requirements.txt (line 65)) (3.3.0)
Requirement already satisfied: packaging==20.9 in /home/mverma/.local/lib/python3.8/site-packages (from -r /home/mverma/rl_cooperation/Pygame_RL_cooperation/Algorithm/requirements.txt (line 66)) (20.9)
Requirement already satisfied: pandas==1.2.4 in /home/mverma/.local/lib/python3.8/site-packages (from -r /home/mverma/rl_cooperation/Pygame_RL_cooperation/Algorithm/requirements.txt (line 67)) (1.2.4)
Requirement already satisfied: pandocfilters==1.4.3 in /home/mverma/.local/lib/python3.8/site-packages (from -r /home/mverma/rl_cooperation/Pygame_RL_cooperation/Algorithm/requirements.txt (line 68)) (1.4.3)
Requirement already satisfied: parso==0.8.2 in /home/mverma/.local/lib/python3.8/site-packages (from -r /home/mverma/rl_cooperation/Pygame_RL_cooperation/Algorithm/requirements.txt (line 69)) (0.8.2)
Collecting pathtools==0.1.2
  Downloading pathtools-0.1.2.tar.gz (11 kB)
Requirement already satisfied: pickleshare==0.7.5 in /home/mverma/.local/lib/python3.8/site-packages (from -r /home/mverma/rl_cooperation/Pygame_RL_cooperation/Algorithm/requirements.txt (line 71)) (0.7.5)
Requirement already satisfied: Pillow==8.2.0 in /home/mverma/.local/lib/python3.8/site-packages (from -r /home/mverma/rl_cooperation/Pygame_RL_cooperation/Algorithm/requirements.txt (line 72)) (8.2.0)
Collecting proglog==0.1.9
  Downloading proglog-0.1.9.tar.gz (10 kB)
Requirement already satisfied: prometheus-client==0.10.1 in /home/mverma/.local/lib/python3.8/site-packages (from -r /home/mverma/rl_cooperation/Pygame_RL_cooperation/Algorithm/requirements.txt (line 74)) (0.10.1)
Collecting promise==2.3
  Downloading promise-2.3.tar.gz (19 kB)
Requirement already satisfied: prompt-toolkit==3.0.18 in /home/mverma/.local/lib/python3.8/site-packages (from -r /home/mverma/rl_cooperation/Pygame_RL_cooperation/Algorithm/requirements.txt (line 76)) (3.0.18)
Requirement already satisfied: protobuf==3.17.0 in /home/mverma/.local/lib/python3.8/site-packages (from -r /home/mverma/rl_cooperation/Pygame_RL_cooperation/Algorithm/requirements.txt (line 77)) (3.17.0)
Collecting psutil==5.8.0
  Downloading psutil-5.8.0-cp38-cp38-manylinux2010_x86_64.whl (296 kB)
Requirement already satisfied: pyasn1==0.4.8 in /sara/eb/AVX2/Debian10/EB_production/2020/software/Python/3.8.2-GCCcore-9.3.0/lib/python3.8/site-packages (from -r /home/mverma/rl_cooperation/Pygame_RL_cooperation/Algorithm/requirements.txt (line 79)) (0.4.8)
Requirement already satisfied: pyasn1-modules==0.2.8 in /home/mverma/.local/lib/python3.8/site-packages (from -r /home/mverma/rl_cooperation/Pygame_RL_cooperation/Algorithm/requirements.txt (line 80)) (0.2.8)
Requirement already satisfied: pycparser==2.20 in /sara/eb/AVX2/Debian10/EB_production/2020/software/Python/3.8.2-GCCcore-9.3.0/lib/python3.8/site-packages (from -r /home/mverma/rl_cooperation/Pygame_RL_cooperation/Algorithm/requirements.txt (line 81)) (2.20)
Requirement already satisfied: pygame==2.0.1 in /home/mverma/.local/lib/python3.8/site-packages (from -r /home/mverma/rl_cooperation/Pygame_RL_cooperation/Algorithm/requirements.txt (line 82)) (2.0.1)
Requirement already satisfied: pyglet==1.5.15 in /home/mverma/.local/lib/python3.8/site-packages (from -r /home/mverma/rl_cooperation/Pygame_RL_cooperation/Algorithm/requirements.txt (line 83)) (1.5.15)
Requirement already satisfied: Pygments==2.9.0 in /home/mverma/.local/lib/python3.8/site-packages (from -r /home/mverma/rl_cooperation/Pygame_RL_cooperation/Algorithm/requirements.txt (line 84)) (2.9.0)
Requirement already satisfied: pyparsing==2.4.7 in /sara/eb/AVX2/Debian10/EB_production/2020/software/Python/3.8.2-GCCcore-9.3.0/lib/python3.8/site-packages (from -r /home/mverma/rl_cooperation/Pygame_RL_cooperation/Algorithm/requirements.txt (line 85)) (2.4.7)
Requirement already satisfied: pyrsistent==0.17.3 in /home/mverma/.local/lib/python3.8/site-packages (from -r /home/mverma/rl_cooperation/Pygame_RL_cooperation/Algorithm/requirements.txt (line 86)) (0.17.3)
Requirement already satisfied: python-dateutil==2.8.1 in /sara/eb/AVX2/Debian10/EB_production/2020/software/Python/3.8.2-GCCcore-9.3.0/lib/python3.8/site-packages (from -r /home/mverma/rl_cooperation/Pygame_RL_cooperation/Algorithm/requirements.txt (line 87)) (2.8.1)
Requirement already satisfied: pytz==2021.1 in /home/mverma/.local/lib/python3.8/site-packages (from -r /home/mverma/rl_cooperation/Pygame_RL_cooperation/Algorithm/requirements.txt (line 88)) (2021.1)
ERROR: Could not find a version that satisfies the requirement pywin32==300 (from -r /home/mverma/rl_cooperation/Pygame_RL_cooperation/Algorithm/requirements.txt (line 89)) (from versions: none)
ERROR: No matching distribution found for pywin32==300 (from -r /home/mverma/rl_cooperation/Pygame_RL_cooperation/Algorithm/requirements.txt (line 89))
package loaded
python: can't open file 'agent.py': [Errno 2] No such file or directory
